<?xml version="1.0" encoding="UTF-8"?>
<testng-results ignored="0" total="5" passed="5" failed="0" skipped="0">
  <reporter-output>
  </reporter-output>
  <suite started-at="2025-04-18T02:25:55 EET" name="Default suite" finished-at="2025-04-18T02:26:00 EET" duration-ms="5225">
    <groups>
    </groups>
    <test started-at="2025-04-18T02:25:55 EET" name="Default test" finished-at="2025-04-18T02:26:00 EET" duration-ms="5225">
      <class name="myfirsttest">
        <test-method is-config="true" signature="mySetup()[pri:0, instance:myfirsttest@64ba3208]" started-at="2025-04-18T02:25:55 EET" name="mySetup" finished-at="2025-04-18T02:25:58 EET" duration-ms="2661" status="PASS">
          <reporter-output>
          </reporter-output>
        </test-method> <!-- mySetup -->
        <test-method signature="myAfterTest()[pri:0, instance:myfirsttest@64ba3208]" started-at="2025-04-18T02:25:58 EET" name="myAfterTest" finished-at="2025-04-18T02:25:58 EET" duration-ms="5" status="PASS">
          <reporter-output>
          </reporter-output>
        </test-method> <!-- myAfterTest -->
        <test-method signature="login()[pri:1, instance:myfirsttest@64ba3208]" started-at="2025-04-18T02:25:58 EET" name="login" finished-at="2025-04-18T02:25:58 EET" duration-ms="245" status="PASS">
          <reporter-output>
          </reporter-output>
        </test-method> <!-- login -->
        <test-method signature="addItemToThecart()[pri:2, instance:myfirsttest@64ba3208]" started-at="2025-04-18T02:25:58 EET" name="addItemToThecart" finished-at="2025-04-18T02:25:58 EET" duration-ms="78" status="PASS">
          <reporter-output>
          </reporter-output>
        </test-method> <!-- addItemToThecart -->
        <test-method signature="removeItemFromTheCart()[pri:3, instance:myfirsttest@64ba3208]" started-at="2025-04-18T02:25:58 EET" name="removeItemFromTheCart" finished-at="2025-04-18T02:25:58 EET" duration-ms="48" status="PASS">
          <reporter-output>
          </reporter-output>
        </test-method> <!-- removeItemFromTheCart -->
        <test-method signature="Logout()[pri:4, instance:myfirsttest@64ba3208]" started-at="2025-04-18T02:25:58 EET" name="Logout" finished-at="2025-04-18T02:26:00 EET" duration-ms="2148" status="PASS">
          <reporter-output>
          </reporter-output>
        </test-method> <!-- Logout -->
        <test-method is-config="true" signature="myAfterTest()[pri:0, instance:myfirsttest@64ba3208]" started-at="2025-04-18T02:26:00 EET" name="myAfterTest" finished-at="2025-04-18T02:26:00 EET" duration-ms="2" status="PASS">
          <reporter-output>
          </reporter-output>
        </test-method> <!-- myAfterTest -->
      </class> <!-- myfirsttest -->
    </test> <!-- Default test -->
  </suite> <!-- Default suite -->
</testng-results>
